android/build/intermediates/manifest_merge_blame_file/debug/manifest-merger-blame-debug-report.txt
1<?xml version="1.0" encoding="utf-8"?>
2<manifest xmlns:android="http://schemas.android.com/apk/res/android"
3    package="ch.cpnv.angrywirds"
4    android:versionCode="1"
5    android:versionName="1.0" >
6
7    <uses-sdk
8        android:minSdkVersion="9"
8-->JAV1_schouwey\android\AndroidManifest.xml
9        android:targetSdkVersion="27" />
9-->JAV1_schouwey\android\AndroidManifest.xml
10
11    <application
11-->JAV1_schouwey\android\AndroidManifest.xml:5:5-20:19
12        android:allowBackup="true"
12-->JAV1_schouwey\android\AndroidManifest.xml:6:9-35
13        android:debuggable="true"
14        android:icon="@drawable/ic_launcher"
14-->JAV1_schouwey\android\AndroidManifest.xml:7:9-45
15        android:label="@string/app_name"
15-->JAV1_schouwey\android\AndroidManifest.xml:8:9-41
16        android:testOnly="true"
17        android:theme="@style/GdxTheme" >
17-->JAV1_schouwey\android\AndroidManifest.xml:9:9-40
18        <activity
18-->JAV1_schouwey\android\AndroidManifest.xml:10:9-19:20
19            android:name="ch.cpnv.angrywirds.AndroidLauncher"
19-->JAV1_schouwey\android\AndroidManifest.xml:11:13-62
20            android:configChanges="keyboard|keyboardHidden|navigation|orientation|screenSize"
20-->JAV1_schouwey\android\AndroidManifest.xml:14:13-94
21            android:label="@string/app_name"
21-->JAV1_schouwey\android\AndroidManifest.xml:12:13-45
22            android:screenOrientation="landscape" >
22-->JAV1_schouwey\android\AndroidManifest.xml:13:13-50
23            <intent-filter>
23-->JAV1_schouwey\android\AndroidManifest.xml:15:13-18:29
24                <action android:name="android.intent.action.MAIN" />
24-->JAV1_schouwey\android\AndroidManifest.xml:16:17-69
24-->JAV1_schouwey\android\AndroidManifest.xml:16:25-66
25
26                <category android:name="android.intent.category.LAUNCHER" />
26-->JAV1_schouwey\android\AndroidManifest.xml:17:17-77
26-->JAV1_schouwey\android\AndroidManifest.xml:17:27-74
27            </intent-filter>
28        </activity>
29    </application>
30
31</manifest>